usage: manage.py runserver [-h] [--ipv6] [--nothreading] [--noreload]
                           [--nostatic] [--insecure] [--version]
                           [-v {0,1,2,3}] [--settings SETTINGS]
                           [--pythonpath PYTHONPATH] [--traceback]
                           [--no-color] [--force-color]
                           [addrport]
manage.py runserver: error: unrecognized arguments: $
usage: manage.py runserver [-h] [--ipv6] [--nothreading] [--noreload]
                           [--nostatic] [--insecure] [--version]
                           [-v {0,1,2,3}] [--settings SETTINGS]
                           [--pythonpath PYTHONPATH] [--traceback]
                           [--no-color] [--force-color]
                           [addrport]
manage.py runserver: error: unrecognized arguments: $
usage: manage.py runserver [-h] [--ipv6] [--nothreading] [--noreload]
                           [--nostatic] [--insecure] [--version]
                           [-v {0,1,2,3}] [--settings SETTINGS]
                           [--pythonpath PYTHONPATH] [--traceback]
                           [--no-color] [--force-color]
                           [addrport]
manage.py runserver: error: unrecognized arguments: $
usage: manage.py runserver [-h] [--ipv6] [--nothreading] [--noreload]
                           [--nostatic] [--insecure] [--version]
                           [-v {0,1,2,3}] [--settings SETTINGS]
                           [--pythonpath PYTHONPATH] [--traceback]
                           [--no-color] [--force-color]
                           [addrport]
manage.py runserver: error: unrecognized arguments: $
usage: manage.py runserver [-h] [--ipv6] [--nothreading] [--noreload]
                           [--nostatic] [--insecure] [--version]
                           [-v {0,1,2,3}] [--settings SETTINGS]
                           [--pythonpath PYTHONPATH] [--traceback]
                           [--no-color] [--force-color]
                           [addrport]
manage.py runserver: error: unrecognized arguments: $
usage: manage.py runserver [-h] [--ipv6] [--nothreading] [--noreload]
                           [--nostatic] [--insecure] [--version]
                           [-v {0,1,2,3}] [--settings SETTINGS]
                           [--pythonpath PYTHONPATH] [--traceback]
                           [--no-color] [--force-color]
                           [addrport]
manage.py runserver: error: unrecognized arguments: $
Watching for file changes with StatReloader
[20/Mar/2021 03:17:51] "GET /customer/login/ HTTP/1.1" 200 3228
[20/Mar/2021 03:17:52] "GET /static/admin/assets/plugins/fontawesome-free/css/all.min.css HTTP/1.1" 304 0
[20/Mar/2021 03:17:52] "GET /static/admin/assets/dist/css/adminlte.min.css HTTP/1.1" 304 0
[20/Mar/2021 03:17:52] "GET /static/admin/assets/plugins/icheck-bootstrap/icheck-bootstrap.min.css HTTP/1.1" 304 0
[20/Mar/2021 03:17:52] "GET /static/custom/css/style.css HTTP/1.1" 304 0
[20/Mar/2021 03:17:52] "GET /static/custom/alertifyjs/css/alertify.min.css HTTP/1.1" 304 0
[20/Mar/2021 03:17:52] "GET /static/custom/alertifyjs/alertify.min.js HTTP/1.1" 304 0
[20/Mar/2021 03:17:52] "GET /static/admin/assets/dist/js/adminlte.min.js HTTP/1.1" 304 0
[20/Mar/2021 03:17:52] "GET /static/custom/js/custom.js HTTP/1.1" 304 0
[20/Mar/2021 03:17:52] "GET /static/admin/assets/plugins/jquery/jquery.min.js HTTP/1.1" 304 0
[20/Mar/2021 03:17:52] "GET /static/admin/assets/plugins/bootstrap/js/bootstrap.bundle.min.js HTTP/1.1" 304 0
[20/Mar/2021 03:17:53] "GET /static/admin/assets/plugins/fontawesome-free/webfonts/fa-solid-900.woff2 HTTP/1.1" 304 0
[20/Mar/2021 03:17:53] "GET /media/accura-plus-logo.jpg HTTP/1.1" 304 0
Not Found: /favicon.ico
[20/Mar/2021 03:17:53] "GET /favicon.ico HTTP/1.1" 404 2749
[20/Mar/2021 03:18:18] "GET /customer/login/ HTTP/1.1" 200 3228
[20/Mar/2021 03:18:19] "GET /static/admin/assets/plugins/fontawesome-free/css/all.min.css HTTP/1.1" 200 58935
[20/Mar/2021 03:18:19] "GET /static/custom/alertifyjs/css/alertify.min.css HTTP/1.1" 200 21417
[20/Mar/2021 03:18:19] "GET /static/admin/assets/plugins/icheck-bootstrap/icheck-bootstrap.min.css HTTP/1.1" 200 12505
[20/Mar/2021 03:18:19] "GET /static/custom/alertifyjs/alertify.min.js HTTP/1.1" 200 36978
[20/Mar/2021 03:18:19] "GET /static/custom/css/style.css HTTP/1.1" 200 590
[20/Mar/2021 03:18:19] "GET /static/admin/assets/plugins/jquery/jquery.min.js HTTP/1.1" 200 89476
[20/Mar/2021 03:18:19] "GET /static/admin/assets/plugins/bootstrap/js/bootstrap.bundle.min.js HTTP/1.1" 200 80927
[20/Mar/2021 03:18:19] "GET /static/admin/assets/dist/js/adminlte.min.js HTTP/1.1" 200 35483
[20/Mar/2021 03:18:19] "GET /static/custom/js/custom.js HTTP/1.1" 200 2277
[20/Mar/2021 03:18:19] "GET /static/admin/assets/dist/css/adminlte.min.css HTTP/1.1" 200 691419
[20/Mar/2021 03:18:20] "GET /static/admin/assets/plugins/fontawesome-free/webfonts/fa-solid-900.woff2 HTTP/1.1" 200 80148
[20/Mar/2021 03:18:20] "GET /media/accura-plus-logo.jpg HTTP/1.1" 200 1015954
Not Found: /favicon.ico
[20/Mar/2021 03:18:21] "GET /favicon.ico HTTP/1.1" 404 2749
[20/Mar/2021 03:18:22] "GET /customer/login/ HTTP/1.1" 200 3228
[20/Mar/2021 03:27:26] "GET /api/docs/ HTTP/1.1" 200 2233
[20/Mar/2021 03:27:26] "GET /static/drf-yasg/style.css HTTP/1.1" 304 0
[20/Mar/2021 03:27:26] "GET /static/drf-yasg/swagger-ui-dist/swagger-ui-bundle.js HTTP/1.1" 304 0
[20/Mar/2021 03:27:26] "GET /static/drf-yasg/swagger-ui-dist/swagger-ui-standalone-preset.js HTTP/1.1" 304 0
[20/Mar/2021 03:27:26] "GET /static/drf-yasg/insQ.min.js HTTP/1.1" 304 0
[20/Mar/2021 03:27:26] "GET /static/drf-yasg/url-polyfill.min.js HTTP/1.1" 304 0
[20/Mar/2021 03:27:26] "GET /static/drf-yasg/swagger-ui-dist/swagger-ui.css HTTP/1.1" 304 0
[20/Mar/2021 03:27:26] "GET /static/drf-yasg/immutable.min.js HTTP/1.1" 304 0
[20/Mar/2021 03:27:27] "GET /static/drf-yasg/swagger-ui-init.js HTTP/1.1" 304 0
[20/Mar/2021 03:27:27] "GET /api/docs/?format=openapi HTTP/1.1" 200 9081
[20/Mar/2021 03:27:28] "GET /api/docs/?format=openapi HTTP/1.1" 200 9081
[20/Mar/2021 03:36:51] "GET /api/docs/ HTTP/1.1" 200 2233
[20/Mar/2021 03:36:52] "GET /static/drf-yasg/style.css HTTP/1.1" 200 1047
[20/Mar/2021 03:36:52] "GET /static/drf-yasg/insQ.min.js HTTP/1.1" 200 2093
[20/Mar/2021 03:36:52] "GET /static/drf-yasg/url-polyfill.min.js HTTP/1.1" 200 6092
[20/Mar/2021 03:36:52] "GET /static/drf-yasg/immutable.min.js HTTP/1.1" 200 56904
[20/Mar/2021 03:36:52] "GET /static/drf-yasg/swagger-ui-init.js HTTP/1.1" 200 14715
[20/Mar/2021 03:36:52] "GET /static/drf-yasg/swagger-ui-dist/swagger-ui.css HTTP/1.1" 200 143074
[20/Mar/2021 03:36:53] "GET /static/drf-yasg/swagger-ui-dist/swagger-ui-standalone-preset.js HTTP/1.1" 200 329649
[20/Mar/2021 03:36:55] "GET /static/drf-yasg/swagger-ui-dist/swagger-ui-bundle.js HTTP/1.1" 200 1038857
[20/Mar/2021 03:36:56] "GET /api/docs/?format=openapi HTTP/1.1" 200 9081
[20/Mar/2021 03:36:56] "GET /static/drf-yasg/swagger-ui-dist/favicon-32x32.png HTTP/1.1" 200 628
[20/Mar/2021 03:36:59] "GET /api/docs/?format=openapi HTTP/1.1" 200 9081
[20/Mar/2021 03:37:38] "GET /api/docs/ HTTP/1.1" 200 2233
[20/Mar/2021 03:37:39] "GET /api/docs/?format=openapi HTTP/1.1" 200 9081
[20/Mar/2021 03:37:40] "GET /api/docs/?format=openapi HTTP/1.1" 200 9081
/home/ubuntu/accura-test/accura/settings.py changed, reloading.
Performing system checks...

System check identified no issues (0 silenced).
March 20, 2021 - 03:17:34
Django version 3.1.5, using settings 'accura.settings'
Starting development server at http://0.0.0.0:8000/
Quit the server with CONTROL-C.
Watching for file changes with StatReloader
[20/Mar/2021 03:40:44] "GET /customer/login/ HTTP/1.1" 200 3228
Bad Request: /api/auth/token/login
[20/Mar/2021 03:40:57] "POST /api/auth/token/login HTTP/1.1" 400 7699
[20/Mar/2021 03:40:57] "GET /static/rest_framework/css/bootstrap-tweaks.css HTTP/1.1" 200 3385
[20/Mar/2021 03:40:57] "GET /static/rest_framework/css/prettify.css HTTP/1.1" 200 817
[20/Mar/2021 03:40:57] "GET /static/rest_framework/css/default.css HTTP/1.1" 200 1131
[20/Mar/2021 03:40:57] "GET /static/rest_framework/js/ajax-form.js HTTP/1.1" 200 3597
[20/Mar/2021 03:40:57] "GET /static/rest_framework/js/csrf.js HTTP/1.1" 200 1719
[20/Mar/2021 03:40:57] "GET /static/rest_framework/css/bootstrap.min.css HTTP/1.1" 200 121457
[20/Mar/2021 03:40:57] "GET /static/rest_framework/js/jquery-3.5.1.min.js HTTP/1.1" 200 89476
[20/Mar/2021 03:40:57] "GET /static/rest_framework/js/bootstrap.min.js HTTP/1.1" 200 39680
[20/Mar/2021 03:40:57] "GET /static/rest_framework/js/prettify-min.js HTTP/1.1" 200 13632
[20/Mar/2021 03:40:57] "GET /static/rest_framework/js/default.js HTTP/1.1" 200 1268
[20/Mar/2021 03:40:57] "GET /static/rest_framework/img/grid.png HTTP/1.1" 200 1458
Not Found: /
[20/Mar/2021 03:41:34] "GET / HTTP/1.1" 404 2698
[20/Mar/2021 03:41:38] "GET /customer/login/ HTTP/1.1" 200 3228
[20/Mar/2021 03:41:59] "GET /customer/dashboard/ HTTP/1.1" 200 23046
[20/Mar/2021 03:41:59] "GET /static/admin/assets/plugins/overlayScrollbars/css/OverlayScrollbars.min.css HTTP/1.1" 200 20010
[20/Mar/2021 03:42:00] "GET /static/admin/assets/plugins/datatables-responsive/css/responsive.bootstrap4.min.css HTTP/1.1" 200 4518
[20/Mar/2021 03:42:00] "GET /static/admin/assets/plugins/datatables-bs4/css/dataTables.bootstrap4.min.css HTTP/1.1" 200 5243
[20/Mar/2021 03:42:00] "GET /static/admin/assets/plugins/datatables-buttons/css/buttons.bootstrap4.min.css HTTP/1.1" 200 3495
[20/Mar/2021 03:42:00] "GET /static/admin/assets/plugins/sweetalert2/sweetalert2.min.css HTTP/1.1" 200 24870
[20/Mar/2021 03:42:00] "GET /static/admin/assets/plugins/sweetalert2/sweetalert2.css HTTP/1.1" 200 30288
[20/Mar/2021 03:42:00] "GET /static/admin/assets/plugins/toastr/toastr.min.css HTTP/1.1" 200 6454
[20/Mar/2021 03:42:00] "GET /static/admin/assets/plugins/select2/css/select2.min.css HTTP/1.1" 200 14954
[20/Mar/2021 03:42:00] "GET /static/admin/assets/plugins/select2-bootstrap4-theme/select2-bootstrap4.min.css HTTP/1.1" 200 5158
[20/Mar/2021 03:42:00] "GET /static/admin/assets/plugins/summernote/summernote-bs4.min.css HTTP/1.1" 200 19403
[20/Mar/2021 03:42:00] "GET /static/admin/assets/plugins/daterangepicker/daterangepicker.css HTTP/1.1" 200 8069
[20/Mar/2021 03:42:00] "GET /static/admin/assets/plugins/bootstrap-colorpicker/css/bootstrap-colorpicker.min.css HTTP/1.1" 200 9495
[20/Mar/2021 03:42:00] "GET /static/admin/assets/plugins/tempusdominus-bootstrap-4/css/tempusdominus-bootstrap-4.min.css HTTP/1.1" 200 9071
[20/Mar/2021 03:42:01] "GET /static/admin/assets/plugins/bootstrap4-duallistbox/bootstrap-duallistbox.min.css HTTP/1.1" 200 1552
[20/Mar/2021 03:42:01] "GET /static/admin/assets/plugins/dropzone/min/dropzone.min.css HTTP/1.1" 200 9846
[20/Mar/2021 03:42:01] "GET /static/admin/assets/plugins/overlayScrollbars/js/jquery.overlayScrollbars.min.js HTTP/1.1" 200 42609
[20/Mar/2021 03:42:01] "GET /static/admin/assets/plugins/bs-stepper/css/bs-stepper.min.css HTTP/1.1" 200 3231
[20/Mar/2021 03:42:01] "GET /static/admin/assets/plugins/jquery-mousewheel/jquery.mousewheel.js HTTP/1.1" 200 8267
[20/Mar/2021 03:42:01] "GET /static/admin/assets/dist/js/adminlte.js HTTP/1.1" 200 77516
[20/Mar/2021 03:42:01] "GET /static/admin/assets/plugins/raphael/raphael.min.js HTTP/1.1" 200 93167
[20/Mar/2021 03:42:01] "GET /static/admin/assets/plugins/jquery-mapael/jquery.mapael.min.js HTTP/1.1" 200 35973
[20/Mar/2021 03:42:01] "GET /static/admin/assets/dist/js/demo.js HTTP/1.1" 200 13589
[20/Mar/2021 03:42:01] "GET /static/admin/assets/plugins/jquery-mapael/maps/usa_states.min.js HTTP/1.1" 200 60834
[20/Mar/2021 03:42:02] "GET /media/user.png HTTP/1.1" 200 8007
[20/Mar/2021 03:42:02] "GET /static/admin/assets/plugins/chart.js/Chart.min.js HTTP/1.1" 200 172812
[20/Mar/2021 03:42:02] "GET /static/admin/assets/plugins/fontawesome-free/webfonts/fa-regular-400.woff2 HTTP/1.1" 200 13600
[20/Mar/2021 03:42:02] "GET /static/admin/assets/plugins/datatables-bs4/js/dataTables.bootstrap4.min.js HTTP/1.1" 200 2098
[20/Mar/2021 03:42:02] "GET /static/admin/assets/plugins/datatables-responsive/js/dataTables.responsive.min.js HTTP/1.1" 200 14006
[20/Mar/2021 03:42:02] "GET /static/admin/assets/plugins/datatables/jquery.dataTables.min.js HTTP/1.1" 200 83597
[20/Mar/2021 03:42:02] "GET /static/admin/assets/plugins/datatables-responsive/js/responsive.bootstrap4.min.js HTTP/1.1" 200 1244
[20/Mar/2021 03:42:02] "GET /static/admin/assets/plugins/datatables-buttons/js/dataTables.buttons.min.js HTTP/1.1" 200 20446
[20/Mar/2021 03:42:02] "GET /static/admin/assets/plugins/datatables-buttons/js/buttons.bootstrap4.min.js HTTP/1.1" 200 1043
[20/Mar/2021 03:42:02] "GET /static/admin/assets/plugins/jszip/jszip.min.js HTTP/1.1" 200 95842
[20/Mar/2021 03:42:02] "GET /static/admin/assets/plugins/datatables-buttons/js/buttons.html5.min.js HTTP/1.1" 200 24799
[20/Mar/2021 03:42:02] "GET /static/admin/assets/plugins/datatables-buttons/js/buttons.print.min.js HTTP/1.1" 200 2212
[20/Mar/2021 03:42:02] "GET /static/admin/assets/plugins/datatables-buttons/js/buttons.colVis.min.js HTTP/1.1" 200 2838
[20/Mar/2021 03:42:02] "GET /static/admin/assets/plugins/toastr/toastr.min.js HTTP/1.1" 200 5251
[20/Mar/2021 03:42:02] "GET /static/admin/assets/plugins/sweetalert2/sweetalert2.min.js HTTP/1.1" 200 41937
[20/Mar/2021 03:42:02] "GET /static/admin/assets/plugins/sweetalert2/sweetalert2.all.js HTTP/1.1" 200 128156
[20/Mar/2021 03:42:02] "GET /static/admin/assets/plugins/sweetalert2/sweetalert2.js HTTP/1.1" 200 103032
[20/Mar/2021 03:42:02] "GET /static/custom/js/only-number-input.js HTTP/1.1" 200 822
[20/Mar/2021 03:42:02] "GET /static/admin/assets/plugins/select2/js/select2.full.min.js HTTP/1.1" 200 78607
[20/Mar/2021 03:42:03] "GET /static/admin/assets/plugins/summernote/summernote-bs4.min.js HTTP/1.1" 200 151398
[20/Mar/2021 03:42:03] "GET /static/admin/assets/plugins/bootstrap4-duallistbox/jquery.bootstrap-duallistbox.min.js HTTP/1.1" 200 16859
[20/Mar/2021 03:42:03] "GET /static/admin/assets/plugins/moment/moment.min.js HTTP/1.1" 200 58887
[20/Mar/2021 03:42:03] "GET /static/admin/assets/plugins/inputmask/jquery.inputmask.min.js HTTP/1.1" 200 141748
[20/Mar/2021 03:42:03] "GET /static/admin/assets/plugins/daterangepicker/daterangepicker.js HTTP/1.1" 200 67842
[20/Mar/2021 03:42:03] "GET /static/admin/assets/plugins/bootstrap-colorpicker/js/bootstrap-colorpicker.min.js HTTP/1.1" 200 97134
[20/Mar/2021 03:42:03] "GET /static/admin/assets/plugins/pdfmake/pdfmake.min.js HTTP/1.1" 200 1239891
[20/Mar/2021 03:42:03] "GET /static/admin/assets/plugins/pdfmake/vfs_fonts.js HTTP/1.1" 200 926233
[20/Mar/2021 03:42:03] "GET /static/admin/assets/plugins/bs-stepper/js/bs-stepper.min.js HTTP/1.1" 200 6226
[20/Mar/2021 03:42:03] "GET /static/admin/assets/plugins/bootstrap-switch/js/bootstrap-switch.min.js HTTP/1.1" 200 14920
[20/Mar/2021 03:42:03] "GET /static/admin/assets/plugins/dropzone/min/dropzone.min.js HTTP/1.1" 200 47487
[20/Mar/2021 03:42:03] "GET /static/admin/assets/plugins/tempusdominus-bootstrap-4/js/tempusdominus-bootstrap-4.min.js HTTP/1.1" 200 56879
[20/Mar/2021 03:42:04] "GET /media/favicon.png HTTP/1.1" 200 1019
Not Found: /
[20/Mar/2021 03:47:45] "GET / HTTP/1.1" 404 2701
Not Found: /favicon.ico
[20/Mar/2021 03:47:45] "GET /favicon.ico HTTP/1.1" 404 2752
[20/Mar/2021 03:47:59] "GET /customer/login/ HTTP/1.1" 200 3228
[20/Mar/2021 03:48:00] "GET /static/admin/assets/plugins/icheck-bootstrap/icheck-bootstrap.min.css HTTP/1.1" 200 12505
[20/Mar/2021 03:48:00] "GET /static/admin/assets/plugins/fontawesome-free/css/all.min.css HTTP/1.1" 200 58935
[20/Mar/2021 03:48:00] "GET /static/custom/alertifyjs/alertify.min.js HTTP/1.1" 200 36978
[20/Mar/2021 03:48:00] "GET /static/custom/alertifyjs/css/alertify.min.css HTTP/1.1" 200 21417
[20/Mar/2021 03:48:00] "GET /static/custom/css/style.css HTTP/1.1" 200 590
[20/Mar/2021 03:48:00] "GET /static/admin/assets/plugins/jquery/jquery.min.js HTTP/1.1" 200 89476
[20/Mar/2021 03:48:00] "GET /static/admin/assets/plugins/bootstrap/js/bootstrap.bundle.min.js HTTP/1.1" 200 80927
[20/Mar/2021 03:48:00] "GET /static/admin/assets/dist/js/adminlte.min.js HTTP/1.1" 200 35483
[20/Mar/2021 03:48:01] "GET /static/custom/js/custom.js HTTP/1.1" 200 2277
[20/Mar/2021 03:48:01] "GET /static/admin/assets/dist/css/adminlte.min.css HTTP/1.1" 200 691419
[20/Mar/2021 03:48:01] "GET /static/admin/assets/plugins/fontawesome-free/webfonts/fa-solid-900.woff2 HTTP/1.1" 200 80148
[20/Mar/2021 03:48:02] "GET /media/accura-plus-logo.jpg HTTP/1.1" 200 1015954
[20/Mar/2021 03:50:06] "GET /customer/login/ HTTP/1.1" 200 3228
[20/Mar/2021 03:58:05] "GET /api/docs HTTP/1.1" 301 0
[20/Mar/2021 03:58:05] "GET /api/docs/ HTTP/1.1" 200 2233
[20/Mar/2021 03:58:06] "GET /static/drf-yasg/style.css HTTP/1.1" 200 1047
[20/Mar/2021 03:58:06] "GET /static/drf-yasg/insQ.min.js HTTP/1.1" 200 2093
[20/Mar/2021 03:58:06] "GET /static/drf-yasg/swagger-ui-dist/swagger-ui.css HTTP/1.1" 200 143074
[20/Mar/2021 03:58:06] "GET /static/drf-yasg/url-polyfill.min.js HTTP/1.1" 200 6092
[20/Mar/2021 03:58:06] "GET /static/drf-yasg/immutable.min.js HTTP/1.1" 200 56904
[20/Mar/2021 03:58:06] "GET /static/drf-yasg/swagger-ui-init.js HTTP/1.1" 200 14715
[20/Mar/2021 03:58:06] "GET /static/drf-yasg/swagger-ui-dist/swagger-ui-standalone-preset.js HTTP/1.1" 200 329649
[20/Mar/2021 03:58:06] "GET /static/drf-yasg/swagger-ui-dist/swagger-ui-bundle.js HTTP/1.1" 200 1038857
[20/Mar/2021 03:58:07] "GET /api/docs/?format=openapi HTTP/1.1" 200 9084
[20/Mar/2021 03:58:07] "GET /static/drf-yasg/swagger-ui-dist/favicon-32x32.png HTTP/1.1" 200 628
[20/Mar/2021 03:58:08] "GET /api/docs/?format=openapi HTTP/1.1" 200 9084
[20/Mar/2021 04:00:58] "GET /api/docs/ HTTP/1.1" 200 2233
[20/Mar/2021 04:00:59] "GET /static/drf-yasg/swagger-ui-init.js HTTP/1.1" 200 14715
[20/Mar/2021 04:00:59] "GET /static/drf-yasg/immutable.min.js HTTP/1.1" 200 56904
[20/Mar/2021 04:00:59] "GET /static/drf-yasg/url-polyfill.min.js HTTP/1.1" 200 6092
[20/Mar/2021 04:00:59] "GET /static/drf-yasg/style.css HTTP/1.1" 200 1047
[20/Mar/2021 04:00:59] "GET /static/drf-yasg/insQ.min.js HTTP/1.1" 200 2093
[20/Mar/2021 04:00:59] "GET /static/drf-yasg/swagger-ui-dist/swagger-ui.css HTTP/1.1" 200 143074
[20/Mar/2021 04:00:59] "GET /static/drf-yasg/swagger-ui-dist/swagger-ui-standalone-preset.js HTTP/1.1" 200 329649
[20/Mar/2021 04:00:59] "GET /static/drf-yasg/swagger-ui-dist/swagger-ui-bundle.js HTTP/1.1" 200 1038857
Bad Request: /api/auth/token/login/
[20/Mar/2021 04:01:01] "POST /api/auth/token/login/ HTTP/1.1" 400 68
Bad Request: /api/auth/token/login/
[20/Mar/2021 04:01:23] "POST /api/auth/token/login/ HTTP/1.1" 400 68
Bad Request: /api/auth/token/login/
[20/Mar/2021 04:01:55] "POST /api/auth/token/login/ HTTP/1.1" 400 68
Bad Request: /api/auth/token/login/
[20/Mar/2021 04:02:12] "POST /api/auth/token/login/ HTTP/1.1" 400 68
Bad Request: /api/auth/token/login/
[20/Mar/2021 04:02:35] "POST /api/auth/token/login/ HTTP/1.1" 400 68
[20/Mar/2021 04:05:37] "GET /api/docs/ HTTP/1.1" 200 2233
[20/Mar/2021 04:05:37] "GET /static/drf-yasg/swagger-ui-dist/favicon-32x32.png HTTP/1.1" 200 628
[20/Mar/2021 04:28:26] "GET /customer/login/ HTTP/1.1" 200 3228
Bad Request: /api/auth/token/login
[20/Mar/2021 04:28:38] "POST /api/auth/token/login HTTP/1.1" 400 7699
[20/Mar/2021 04:28:38] "GET /static/rest_framework/css/bootstrap-tweaks.css HTTP/1.1" 200 3385
[20/Mar/2021 04:28:38] "GET /static/rest_framework/css/prettify.css HTTP/1.1" 200 817
[20/Mar/2021 04:28:38] "GET /static/rest_framework/js/ajax-form.js HTTP/1.1" 200 3597
[20/Mar/2021 04:28:38] "GET /static/rest_framework/css/default.css HTTP/1.1" 200 1131
[20/Mar/2021 04:28:38] "GET /static/rest_framework/css/bootstrap.min.css HTTP/1.1" 200 121457
[20/Mar/2021 04:28:38] "GET /static/rest_framework/js/csrf.js HTTP/1.1" 200 1719
[20/Mar/2021 04:28:38] "GET /static/rest_framework/js/jquery-3.5.1.min.js HTTP/1.1" 200 89476
[20/Mar/2021 04:28:38] "GET /static/rest_framework/js/prettify-min.js HTTP/1.1" 200 13632
[20/Mar/2021 04:28:38] "GET /static/rest_framework/js/default.js HTTP/1.1" 200 1268
[20/Mar/2021 04:28:38] "GET /static/rest_framework/js/bootstrap.min.js HTTP/1.1" 200 39680
[20/Mar/2021 04:28:38] "GET /static/rest_framework/img/grid.png HTTP/1.1" 200 1458
[20/Mar/2021 04:28:49] "GET /customer/login/ HTTP/1.1" 200 3228
Bad Request: /api/auth/token/login
[20/Mar/2021 04:29:09] "POST /api/auth/token/login HTTP/1.1" 400 7699
Bad Request: /api/auth/token/login
[20/Mar/2021 04:29:47] "POST /api/auth/token/login HTTP/1.1" 400 7718
[20/Mar/2021 04:30:39] "POST /api/auth/token/login HTTP/1.1" 200 7459
[20/Mar/2021 04:31:07] "GET /customer/login/ HTTP/1.1" 200 3228
[20/Mar/2021 04:31:21] "GET /customer/login/ HTTP/1.1" 200 3228
Bad Request: /api/auth/token/login
[20/Mar/2021 04:33:21] "POST /api/auth/token/login HTTP/1.1" 400 7690
[20/Mar/2021 04:33:24] "GET /customer/login/ HTTP/1.1" 200 3228
[20/Mar/2021 04:37:49] "GET /customer/login/ HTTP/1.1" 200 3228
Not Found: /favicon.ico
[20/Mar/2021 04:37:52] "GET /favicon.ico HTTP/1.1" 404 2749
----------------------------------------
Exception happened during processing of request from ('162.142.125.56', 39054)
Traceback (most recent call last):
  File "/usr/lib/python3.6/socketserver.py", line 654, in process_request_thread
    self.finish_request(request, client_address)
  File "/usr/lib/python3.6/socketserver.py", line 364, in finish_request
    self.RequestHandlerClass(request, client_address, self)
  File "/usr/lib/python3.6/socketserver.py", line 724, in __init__
    self.handle()
  File "/home/ubuntu/accura-test/env/lib/python3.6/site-packages/django/core/servers/basehttp.py", line 172, in handle
    self.handle_one_request()
  File "/home/ubuntu/accura-test/env/lib/python3.6/site-packages/django/core/servers/basehttp.py", line 182, in handle_one_request
    self.raw_requestline = self.rfile.readline(65537)
  File "/usr/lib/python3.6/socket.py", line 586, in readinto
    return self._sock.recv_into(b)
ConnectionResetError: [Errno 104] Connection reset by peer
----------------------------------------
Not Found: /
[20/Mar/2021 05:21:47] "GET / HTTP/1.1" 404 2698
----------------------------------------
Exception happened during processing of request from ('162.142.125.56', 51626)
Traceback (most recent call last):
  File "/usr/lib/python3.6/socketserver.py", line 654, in process_request_thread
    self.finish_request(request, client_address)
  File "/usr/lib/python3.6/socketserver.py", line 364, in finish_request
    self.RequestHandlerClass(request, client_address, self)
  File "/usr/lib/python3.6/socketserver.py", line 724, in __init__
    self.handle()
  File "/home/ubuntu/accura-test/env/lib/python3.6/site-packages/django/core/servers/basehttp.py", line 174, in handle
    self.handle_one_request()
  File "/home/ubuntu/accura-test/env/lib/python3.6/site-packages/django/core/servers/basehttp.py", line 182, in handle_one_request
    self.raw_requestline = self.rfile.readline(65537)
  File "/usr/lib/python3.6/socket.py", line 586, in readinto
    return self._sock.recv_into(b)
ConnectionResetError: [Errno 104] Connection reset by peer
----------------------------------------
Not Found: /
[20/Mar/2021 05:21:47] "GET / HTTP/1.1" 404 2698
[20/Mar/2021 06:13:39] "GET /customer/login/ HTTP/1.1" 200 3228
[20/Mar/2021 06:13:41] "GET /media/accura-plus-logo.jpg HTTP/1.1" 304 0
Not Found: /favicon.ico
[20/Mar/2021 06:13:41] "GET /favicon.ico HTTP/1.1" 404 2749
[20/Mar/2021 06:13:42] "GET /customer/login/ HTTP/1.1" 200 3228
[20/Mar/2021 06:14:00] "GET /customer/login/ HTTP/1.1" 200 3228
[20/Mar/2021 06:14:00] "GET /static/admin/assets/plugins/fontawesome-free/css/all.min.css HTTP/1.1" 200 58935
[20/Mar/2021 06:14:00] "GET /static/admin/assets/plugins/icheck-bootstrap/icheck-bootstrap.min.css HTTP/1.1" 200 12505
[20/Mar/2021 06:14:01] "GET /static/custom/alertifyjs/css/alertify.min.css HTTP/1.1" 200 21417
[20/Mar/2021 06:14:01] "GET /static/custom/css/style.css HTTP/1.1" 200 590
[20/Mar/2021 06:14:01] "GET /static/custom/alertifyjs/alertify.min.js HTTP/1.1" 200 36978
[20/Mar/2021 06:14:02] "GET /static/admin/assets/plugins/jquery/jquery.min.js HTTP/1.1" 200 89476
[20/Mar/2021 06:14:03] "GET /static/admin/assets/dist/js/adminlte.min.js HTTP/1.1" 200 35483
[20/Mar/2021 06:14:03] "GET /static/custom/js/custom.js HTTP/1.1" 200 2277
[20/Mar/2021 06:14:06] "GET /static/admin/assets/plugins/bootstrap/js/bootstrap.bundle.min.js HTTP/1.1" 200 80927
[20/Mar/2021 06:14:11] "GET /static/admin/assets/dist/css/adminlte.min.css HTTP/1.1" 200 691419
[20/Mar/2021 06:14:14] "GET /static/admin/assets/plugins/fontawesome-free/webfonts/fa-solid-900.woff2 HTTP/1.1" 200 80148
[20/Mar/2021 06:14:15] "GET /customer/login/ HTTP/1.1" 200 3228
[20/Mar/2021 06:14:15] "GET /media/accura-plus-logo.jpg HTTP/1.1" 200 184320
[20/Mar/2021 06:14:56] "GET /media/accura-plus-logo.jpg HTTP/1.1" 200 1015954
Not Found: /favicon.ico
[20/Mar/2021 06:14:58] "GET /favicon.ico HTTP/1.1" 404 2752
[20/Mar/2021 06:15:25] "GET /customer/login/ HTTP/1.1" 200 3228
[20/Mar/2021 07:06:31] "GET /customer/login/ HTTP/1.1" 200 3228
Not Found: /favicon.ico
[20/Mar/2021 07:06:35] "GET /favicon.ico HTTP/1.1" 404 2752
Bad Request: /api/auth/token/login
[20/Mar/2021 07:11:16] "POST /api/auth/token/login HTTP/1.1" 400 7690
[20/Mar/2021 07:11:18] "GET /static/rest_framework/css/bootstrap.min.css HTTP/1.1" 200 121457
[20/Mar/2021 07:11:18] "GET /static/rest_framework/css/bootstrap-tweaks.css HTTP/1.1" 200 3385
[20/Mar/2021 07:11:18] "GET /static/rest_framework/css/prettify.css HTTP/1.1" 200 817
[20/Mar/2021 07:11:18] "GET /static/rest_framework/css/default.css HTTP/1.1" 200 1131
[20/Mar/2021 07:11:18] "GET /static/rest_framework/js/jquery-3.5.1.min.js HTTP/1.1" 200 89476
[20/Mar/2021 07:11:18] "GET /static/rest_framework/js/ajax-form.js HTTP/1.1" 200 3597
[20/Mar/2021 07:11:18] "GET /static/rest_framework/js/csrf.js HTTP/1.1" 200 1719
[20/Mar/2021 07:11:19] "GET /static/rest_framework/js/bootstrap.min.js HTTP/1.1" 200 39680
[20/Mar/2021 07:11:19] "GET /static/rest_framework/js/prettify-min.js HTTP/1.1" 200 13632
[20/Mar/2021 07:11:19] "GET /static/rest_framework/js/default.js HTTP/1.1" 200 1268
[20/Mar/2021 07:11:20] "GET /static/rest_framework/img/grid.png HTTP/1.1" 200 1458
Method Not Allowed: /api/auth/token/login
[20/Mar/2021 07:12:06] "GET /api/auth/token/login HTTP/1.1" 405 7664
Method Not Allowed: /api/auth/token/login
[20/Mar/2021 07:12:10] "GET /api/auth/token/login HTTP/1.1" 405 7664
[20/Mar/2021 07:12:42] "GET /api/docs/ HTTP/1.1" 200 2233
[20/Mar/2021 07:12:43] "GET /static/drf-yasg/style.css HTTP/1.1" 200 1047
[20/Mar/2021 07:12:43] "GET /static/drf-yasg/swagger-ui-dist/swagger-ui.css HTTP/1.1" 200 143074
[20/Mar/2021 07:12:43] "GET /static/drf-yasg/swagger-ui-dist/swagger-ui-standalone-preset.js HTTP/1.1" 200 329649
[20/Mar/2021 07:12:43] "GET /static/drf-yasg/insQ.min.js HTTP/1.1" 200 2093
[20/Mar/2021 07:12:43] "GET /static/drf-yasg/immutable.min.js HTTP/1.1" 200 56904
[20/Mar/2021 07:12:43] "GET /static/drf-yasg/url-polyfill.min.js HTTP/1.1" 200 6092
[20/Mar/2021 07:12:44] "GET /static/drf-yasg/swagger-ui-init.js HTTP/1.1" 200 14715
[20/Mar/2021 07:12:50] "GET /static/drf-yasg/swagger-ui-dist/swagger-ui-bundle.js HTTP/1.1" 200 1038857
[20/Mar/2021 07:12:55] "GET /api/docs/?format=openapi HTTP/1.1" 200 9084
[20/Mar/2021 07:12:55] "GET /static/drf-yasg/swagger-ui-dist/favicon-32x32.png HTTP/1.1" 200 628
[20/Mar/2021 07:13:00] "GET /api/docs/?format=openapi HTTP/1.1" 200 9084
Not Found: /
[20/Mar/2021 07:37:24] "GET / HTTP/1.1" 404 2698
Not Found: /favicon.ico
[20/Mar/2021 07:37:24] "GET /favicon.ico HTTP/1.1" 404 2749
[20/Mar/2021 11:49:14] "GET /api/docs/ HTTP/1.1" 200 2233
[20/Mar/2021 11:49:15] "GET /static/drf-yasg/style.css HTTP/1.1" 200 1047
[20/Mar/2021 11:49:15] "GET /static/drf-yasg/insQ.min.js HTTP/1.1" 200 2093
[20/Mar/2021 11:49:15] "GET /static/drf-yasg/swagger-ui-dist/swagger-ui.css HTTP/1.1" 200 143074
[20/Mar/2021 11:49:15] "GET /static/drf-yasg/url-polyfill.min.js HTTP/1.1" 200 6092
[20/Mar/2021 11:49:15] "GET /static/drf-yasg/immutable.min.js HTTP/1.1" 200 56904
[20/Mar/2021 11:49:15] "GET /static/drf-yasg/swagger-ui-init.js HTTP/1.1" 200 14715
[20/Mar/2021 11:49:15] "GET /static/drf-yasg/swagger-ui-dist/swagger-ui-standalone-preset.js HTTP/1.1" 200 329649
[20/Mar/2021 11:49:15] "GET /static/drf-yasg/swagger-ui-dist/swagger-ui-bundle.js HTTP/1.1" 200 1038857
[20/Mar/2021 11:49:17] "GET /static/drf-yasg/swagger-ui-dist/favicon-32x32.png HTTP/1.1" 200 628
[20/Mar/2021 11:49:17] "GET /api/docs/?format=openapi HTTP/1.1" 200 9084
[20/Mar/2021 11:49:18] "GET /api/docs/?format=openapi HTTP/1.1" 200 9084
[20/Mar/2021 11:51:41] "GET /api/docs/?format=openapi HTTP/1.1" 200 9084
Not Found: /
[20/Mar/2021 18:11:39] "GET / HTTP/1.0" 404 2698
Not Found: /
[20/Mar/2021 18:11:39] "GET / HTTP/1.0" 404 2698
Not Found: /
[20/Mar/2021 18:12:01] "GET / HTTP/1.1" 404 2698
[20/Mar/2021 18:51:51] "GET /static/drf-yasg/style.css HTTP/1.1" 304 0
[20/Mar/2021 18:51:51] "GET /static/drf-yasg/swagger-ui-dist/swagger-ui.css HTTP/1.1" 304 0
[20/Mar/2021 18:51:51] "GET /static/drf-yasg/swagger-ui-dist/swagger-ui-bundle.js HTTP/1.1" 304 0
[20/Mar/2021 18:51:51] "GET /static/drf-yasg/insQ.min.js HTTP/1.1" 304 0
[20/Mar/2021 18:51:51] "GET /static/drf-yasg/swagger-ui-dist/swagger-ui-standalone-preset.js HTTP/1.1" 304 0
[20/Mar/2021 18:51:51] "GET /static/drf-yasg/url-polyfill.min.js HTTP/1.1" 304 0
[20/Mar/2021 18:51:51] "GET /static/drf-yasg/immutable.min.js HTTP/1.1" 304 0
[20/Mar/2021 18:51:51] "GET /static/drf-yasg/swagger-ui-init.js HTTP/1.1" 304 0
[20/Mar/2021 18:51:52] "GET /api/docs/?format=openapi HTTP/1.1" 200 9084
[20/Mar/2021 18:51:53] "GET /api/docs/?format=openapi HTTP/1.1" 200 9084
[20/Mar/2021 18:52:17] "GET /api/docs/ HTTP/1.1" 200 2233
[20/Mar/2021 18:52:18] "GET /api/docs/?format=openapi HTTP/1.1" 200 9084
[20/Mar/2021 18:52:18] "GET /static/drf-yasg/swagger-ui-dist/favicon-32x32.png HTTP/1.1" 200 628
[20/Mar/2021 18:52:18] "GET /api/docs/?format=openapi HTTP/1.1" 200 9084
[20/Mar/2021 18:52:28] "GET /customer/login/ HTTP/1.1" 200 3228
[20/Mar/2021 18:52:28] "GET /static/admin/assets/dist/css/adminlte.min.css HTTP/1.1" 304 0
[20/Mar/2021 18:52:28] "GET /static/custom/alertifyjs/alertify.min.js HTTP/1.1" 304 0
[20/Mar/2021 18:52:28] "GET /static/admin/assets/plugins/icheck-bootstrap/icheck-bootstrap.min.css HTTP/1.1" 304 0
[20/Mar/2021 18:52:28] "GET /static/custom/alertifyjs/css/alertify.min.css HTTP/1.1" 304 0
[20/Mar/2021 18:52:28] "GET /static/custom/css/style.css HTTP/1.1" 304 0
[20/Mar/2021 18:52:28] "GET /static/admin/assets/plugins/fontawesome-free/css/all.min.css HTTP/1.1" 304 0
[20/Mar/2021 18:52:28] "GET /static/admin/assets/plugins/bootstrap/js/bootstrap.bundle.min.js HTTP/1.1" 304 0
[20/Mar/2021 18:52:28] "GET /static/admin/assets/dist/js/adminlte.min.js HTTP/1.1" 304 0
[20/Mar/2021 18:52:28] "GET /static/admin/assets/plugins/jquery/jquery.min.js HTTP/1.1" 304 0
[20/Mar/2021 18:52:28] "GET /static/custom/js/custom.js HTTP/1.1" 304 0
[20/Mar/2021 18:52:28] "GET /static/admin/assets/plugins/fontawesome-free/webfonts/fa-solid-900.woff2 HTTP/1.1" 304 0
[20/Mar/2021 18:52:28] "GET /media/accura-plus-logo.jpg HTTP/1.1" 304 0
Not Found: /favicon.ico
[20/Mar/2021 18:52:29] "GET /favicon.ico HTTP/1.1" 404 2752
Bad Request: /api/auth/token/login
[20/Mar/2021 18:52:34] "POST /api/auth/token/login HTTP/1.1" 400 7690
[20/Mar/2021 18:52:34] "GET /static/rest_framework/css/default.css HTTP/1.1" 304 0
[20/Mar/2021 18:52:34] "GET /static/rest_framework/js/csrf.js HTTP/1.1" 304 0
[20/Mar/2021 18:52:34] "GET /static/rest_framework/css/prettify.css HTTP/1.1" 304 0
[20/Mar/2021 18:52:34] "GET /static/rest_framework/css/bootstrap-tweaks.css HTTP/1.1" 304 0
[20/Mar/2021 18:52:34] "GET /static/rest_framework/js/ajax-form.js HTTP/1.1" 304 0
[20/Mar/2021 18:52:34] "GET /static/rest_framework/css/bootstrap.min.css HTTP/1.1" 304 0
[20/Mar/2021 18:52:34] "GET /static/rest_framework/js/bootstrap.min.js HTTP/1.1" 304 0
[20/Mar/2021 18:52:34] "GET /static/rest_framework/js/prettify-min.js HTTP/1.1" 304 0
[20/Mar/2021 18:52:34] "GET /static/rest_framework/js/jquery-3.5.1.min.js HTTP/1.1" 304 0
[20/Mar/2021 18:52:34] "GET /static/rest_framework/js/default.js HTTP/1.1" 304 0
[20/Mar/2021 18:52:35] "GET /static/rest_framework/img/grid.png HTTP/1.1" 304 0
[20/Mar/2021 18:52:44] "GET /customer/login/ HTTP/1.1" 200 3228
----------------------------------------
Exception happened during processing of request from ('162.142.125.53', 40884)
Traceback (most recent call last):
  File "/usr/lib/python3.6/socketserver.py", line 654, in process_request_thread
    self.finish_request(request, client_address)
  File "/usr/lib/python3.6/socketserver.py", line 364, in finish_request
    self.RequestHandlerClass(request, client_address, self)
  File "/usr/lib/python3.6/socketserver.py", line 724, in __init__
    self.handle()
  File "/home/ubuntu/accura-test/env/lib/python3.6/site-packages/django/core/servers/basehttp.py", line 172, in handle
    self.handle_one_request()
  File "/home/ubuntu/accura-test/env/lib/python3.6/site-packages/django/core/servers/basehttp.py", line 182, in handle_one_request
    self.raw_requestline = self.rfile.readline(65537)
  File "/usr/lib/python3.6/socket.py", line 586, in readinto
    return self._sock.recv_into(b)
ConnectionResetError: [Errno 104] Connection reset by peer
----------------------------------------
Not Found: /
[20/Mar/2021 19:43:53] "GET / HTTP/1.1" 404 2698
----------------------------------------
Exception happened during processing of request from ('162.142.125.53', 33634)
Traceback (most recent call last):
  File "/usr/lib/python3.6/socketserver.py", line 654, in process_request_thread
    self.finish_request(request, client_address)
  File "/usr/lib/python3.6/socketserver.py", line 364, in finish_request
    self.RequestHandlerClass(request, client_address, self)
  File "/usr/lib/python3.6/socketserver.py", line 724, in __init__
    self.handle()
  File "/home/ubuntu/accura-test/env/lib/python3.6/site-packages/django/core/servers/basehttp.py", line 174, in handle
    self.handle_one_request()
  File "/home/ubuntu/accura-test/env/lib/python3.6/site-packages/django/core/servers/basehttp.py", line 182, in handle_one_request
    self.raw_requestline = self.rfile.readline(65537)
  File "/usr/lib/python3.6/socket.py", line 586, in readinto
    return self._sock.recv_into(b)
ConnectionResetError: [Errno 104] Connection reset by peer
----------------------------------------
Not Found: /
[20/Mar/2021 19:43:54] "GET / HTTP/1.1" 404 2698
Not Found: /
[20/Mar/2021 21:40:02] "GET / HTTP/1.1" 404 2698
Not Found: /
[20/Mar/2021 23:26:47] "GET / HTTP/1.1" 404 2698
Not Found: /_ignition/execute-solution
[21/Mar/2021 02:27:51] "POST /_ignition/execute-solution HTTP/1.1" 404 2795
Not Found: /
[21/Mar/2021 02:28:19] "GET / HTTP/1.1" 404 2698
[21/Mar/2021 02:58:51] "GET /customer/login/ HTTP/1.1" 200 3228
[21/Mar/2021 02:58:55] "GET /static/admin/assets/plugins/icheck-bootstrap/icheck-bootstrap.min.css HTTP/1.1" 304 0
[21/Mar/2021 02:58:55] "GET /static/admin/assets/plugins/fontawesome-free/css/all.min.css HTTP/1.1" 304 0
[21/Mar/2021 02:58:55] "GET /static/custom/alertifyjs/css/alertify.min.css HTTP/1.1" 304 0
[21/Mar/2021 02:58:55] "GET /static/admin/assets/dist/css/adminlte.min.css HTTP/1.1" 304 0
[21/Mar/2021 02:58:55] "GET /static/custom/css/style.css HTTP/1.1" 304 0
[21/Mar/2021 02:58:55] "GET /static/custom/alertifyjs/alertify.min.js HTTP/1.1" 304 0
[21/Mar/2021 02:58:55] "GET /static/admin/assets/plugins/bootstrap/js/bootstrap.bundle.min.js HTTP/1.1" 304 0
[21/Mar/2021 02:58:55] "GET /static/admin/assets/plugins/jquery/jquery.min.js HTTP/1.1" 304 0
[21/Mar/2021 02:58:56] "GET /static/admin/assets/dist/js/adminlte.min.js HTTP/1.1" 304 0
[21/Mar/2021 02:58:56] "GET /static/custom/js/custom.js HTTP/1.1" 304 0
[21/Mar/2021 02:58:56] "GET /media/accura-plus-logo.jpg HTTP/1.1" 304 0
[21/Mar/2021 02:58:58] "GET /static/admin/assets/plugins/fontawesome-free/webfonts/fa-solid-900.woff2 HTTP/1.1" 304 0
Not Found: /favicon.ico
[21/Mar/2021 02:58:59] "GET /favicon.ico HTTP/1.1" 404 2752
[21/Mar/2021 02:59:00] "GET /static/drf-yasg/swagger-ui-dist/swagger-ui.css HTTP/1.1" 304 0
[21/Mar/2021 02:59:00] "GET /static/drf-yasg/swagger-ui-dist/swagger-ui-bundle.js HTTP/1.1" 304 0
[21/Mar/2021 02:59:00] "GET /static/drf-yasg/style.css HTTP/1.1" 304 0
[21/Mar/2021 02:59:00] "GET /static/drf-yasg/swagger-ui-dist/swagger-ui-standalone-preset.js HTTP/1.1" 304 0
[21/Mar/2021 02:59:00] "GET /static/drf-yasg/insQ.min.js HTTP/1.1" 304 0
[21/Mar/2021 02:59:00] "GET /static/drf-yasg/immutable.min.js HTTP/1.1" 304 0
[21/Mar/2021 02:59:01] "GET /static/drf-yasg/url-polyfill.min.js HTTP/1.1" 304 0
[21/Mar/2021 02:59:01] "GET /static/drf-yasg/swagger-ui-init.js HTTP/1.1" 304 0
[21/Mar/2021 02:59:02] "GET /api/docs/?format=openapi HTTP/1.1" 200 9084
[21/Mar/2021 02:59:03] "GET /api/docs/?format=openapi HTTP/1.1" 200 9084
Bad Request: /api/auth/token/login
[21/Mar/2021 02:59:07] "POST /api/auth/token/login HTTP/1.1" 400 7690
[21/Mar/2021 02:59:08] "GET /static/rest_framework/css/bootstrap.min.css HTTP/1.1" 304 0
[21/Mar/2021 02:59:08] "GET /static/rest_framework/css/bootstrap-tweaks.css HTTP/1.1" 304 0
[21/Mar/2021 02:59:08] "GET /static/rest_framework/css/prettify.css HTTP/1.1" 304 0
[21/Mar/2021 02:59:08] "GET /static/rest_framework/js/ajax-form.js HTTP/1.1" 304 0
[21/Mar/2021 02:59:08] "GET /static/rest_framework/css/default.css HTTP/1.1" 304 0
[21/Mar/2021 02:59:08] "GET /static/rest_framework/js/jquery-3.5.1.min.js HTTP/1.1" 304 0
[21/Mar/2021 02:59:08] "GET /static/rest_framework/js/bootstrap.min.js HTTP/1.1" 304 0
[21/Mar/2021 02:59:08] "GET /static/rest_framework/js/default.js HTTP/1.1" 304 0
[21/Mar/2021 02:59:08] "GET /static/rest_framework/js/prettify-min.js HTTP/1.1" 304 0
[21/Mar/2021 02:59:09] "GET /static/rest_framework/js/csrf.js HTTP/1.1" 304 0
[21/Mar/2021 02:59:09] "GET /static/rest_framework/img/grid.png HTTP/1.1" 304 0
[21/Mar/2021 02:59:10] "GET /customer/login/ HTTP/1.1" 200 3228
[21/Mar/2021 03:07:12] "GET /customer/password-reset/ HTTP/1.1" 200 2659
[21/Mar/2021 03:07:18] "GET /customer/login/ HTTP/1.1" 200 3228
[21/Mar/2021 03:13:29] "GET /customer/login/ HTTP/1.1" 200 3228
[21/Mar/2021 03:13:32] "GET /customer/login/ HTTP/1.1" 200 3228
[21/Mar/2021 03:14:24] "GET /customer/login/ HTTP/1.1" 200 3228
[21/Mar/2021 03:15:42] "GET /customer/login/ HTTP/1.1" 200 3228
Bad Request: /api/auth/token/login
[21/Mar/2021 03:15:43] "POST /api/auth/token/login HTTP/1.1" 400 7690
[21/Mar/2021 03:15:53] "GET /customer/login/ HTTP/1.1" 200 3228
Not Found: /
[21/Mar/2021 06:16:53] "GET / HTTP/1.1" 404 2693
Not Found: /
[21/Mar/2021 07:25:31] "GET / HTTP/1.1" 404 2698
/home/ubuntu/accura-test/libraries/views.py changed, reloading.
Performing system checks...

System check identified no issues (0 silenced).
March 20, 2021 - 03:39:47
Django version 3.1.5, using settings 'accura.settings'
Starting development server at http://0.0.0.0:8000/
Quit the server with CONTROL-C.
Watching for file changes with StatReloader
Exception in thread django-main-thread:
Traceback (most recent call last):
  File "/usr/lib/python3.6/threading.py", line 916, in _bootstrap_inner
    self.run()
  File "/usr/lib/python3.6/threading.py", line 864, in run
    self._target(*self._args, **self._kwargs)
  File "/home/ubuntu/accura-test/env/lib/python3.6/site-packages/django/utils/autoreload.py", line 53, in wrapper
    fn(*args, **kwargs)
  File "/home/ubuntu/accura-test/env/lib/python3.6/site-packages/django/core/management/commands/runserver.py", line 118, in inner_run
    self.check(display_num_errors=True)
  File "/home/ubuntu/accura-test/env/lib/python3.6/site-packages/django/core/management/base.py", line 396, in check
    databases=databases,
  File "/home/ubuntu/accura-test/env/lib/python3.6/site-packages/django/core/checks/registry.py", line 70, in run_checks
    new_errors = check(app_configs=app_configs, databases=databases)
  File "/home/ubuntu/accura-test/env/lib/python3.6/site-packages/django/core/checks/urls.py", line 40, in check_url_namespaces_unique
    all_namespaces = _load_all_namespaces(resolver)
  File "/home/ubuntu/accura-test/env/lib/python3.6/site-packages/django/core/checks/urls.py", line 57, in _load_all_namespaces
    url_patterns = getattr(resolver, 'url_patterns', [])
  File "/home/ubuntu/accura-test/env/lib/python3.6/site-packages/django/utils/functional.py", line 48, in __get__
    res = instance.__dict__[self.name] = self.func(instance)
  File "/home/ubuntu/accura-test/env/lib/python3.6/site-packages/django/urls/resolvers.py", line 589, in url_patterns
    patterns = getattr(self.urlconf_module, "urlpatterns", self.urlconf_module)
  File "/home/ubuntu/accura-test/env/lib/python3.6/site-packages/django/utils/functional.py", line 48, in __get__
    res = instance.__dict__[self.name] = self.func(instance)
  File "/home/ubuntu/accura-test/env/lib/python3.6/site-packages/django/urls/resolvers.py", line 582, in urlconf_module
    return import_module(self.urlconf_name)
  File "/home/ubuntu/accura-test/env/lib/python3.6/importlib/__init__.py", line 126, in import_module
    return _bootstrap._gcd_import(name[level:], package, level)
  File "<frozen importlib._bootstrap>", line 994, in _gcd_import
  File "<frozen importlib._bootstrap>", line 971, in _find_and_load
  File "<frozen importlib._bootstrap>", line 955, in _find_and_load_unlocked
  File "<frozen importlib._bootstrap>", line 665, in _load_unlocked
  File "<frozen importlib._bootstrap_external>", line 678, in exec_module
  File "<frozen importlib._bootstrap>", line 219, in _call_with_frames_removed
  File "/home/ubuntu/accura-test/accura/urls.py", line 29, in <module>
    path('api/', include('api.urls')),
  File "/home/ubuntu/accura-test/env/lib/python3.6/site-packages/django/urls/conf.py", line 34, in include
    urlconf_module = import_module(urlconf_module)
  File "/home/ubuntu/accura-test/env/lib/python3.6/importlib/__init__.py", line 126, in import_module
    return _bootstrap._gcd_import(name[level:], package, level)
  File "<frozen importlib._bootstrap>", line 994, in _gcd_import
  File "<frozen importlib._bootstrap>", line 971, in _find_and_load
  File "<frozen importlib._bootstrap>", line 955, in _find_and_load_unlocked
  File "<frozen importlib._bootstrap>", line 665, in _load_unlocked
  File "<frozen importlib._bootstrap_external>", line 678, in exec_module
  File "<frozen importlib._bootstrap>", line 219, in _call_with_frames_removed
  File "/home/ubuntu/accura-test/api/urls.py", line 5, in <module>
    from . import views
  File "/home/ubuntu/accura-test/api/views.py", line 16, in <module>
    from accura.settings import MOBILE_PAGE_LIMIT
ImportError: cannot import name 'MOBILE_PAGE_LIMIT'

/home/ubuntu/accura-test/accura/settings.py changed, reloading.
Performing system checks...

Traceback (most recent call last):
  File "manage.py", line 22, in <module>
    main()
  File "manage.py", line 18, in main
    execute_from_command_line(sys.argv)
  File "/home/ubuntu/accura-test/env/lib/python3.6/site-packages/django/core/management/__init__.py", line 401, in execute_from_command_line
    utility.execute()
  File "/home/ubuntu/accura-test/env/lib/python3.6/site-packages/django/core/management/__init__.py", line 345, in execute
    settings.INSTALLED_APPS
  File "/home/ubuntu/accura-test/env/lib/python3.6/site-packages/django/conf/__init__.py", line 82, in __getattr__
    self._setup(name)
  File "/home/ubuntu/accura-test/env/lib/python3.6/site-packages/django/conf/__init__.py", line 69, in _setup
    self._wrapped = Settings(settings_module)
  File "/home/ubuntu/accura-test/env/lib/python3.6/site-packages/django/conf/__init__.py", line 170, in __init__
    mod = importlib.import_module(self.SETTINGS_MODULE)
  File "/home/ubuntu/accura-test/env/lib/python3.6/importlib/__init__.py", line 126, in import_module
    return _bootstrap._gcd_import(name[level:], package, level)
  File "<frozen importlib._bootstrap>", line 994, in _gcd_import
  File "<frozen importlib._bootstrap>", line 971, in _find_and_load
  File "<frozen importlib._bootstrap>", line 955, in _find_and_load_unlocked
  File "<frozen importlib._bootstrap>", line 665, in _load_unlocked
  File "<frozen importlib._bootstrap_external>", line 674, in exec_module
  File "<frozen importlib._bootstrap_external>", line 781, in get_code
  File "<frozen importlib._bootstrap_external>", line 741, in source_to_code
  File "<frozen importlib._bootstrap>", line 219, in _call_with_frames_removed
  File "/home/ubuntu/accura-test/accura/settings.py", line 28
    <<<<<<< HEAD
     ^
SyntaxError: invalid syntax
usage: manage.py runserver [-h] [--ipv6] [--nothreading] [--noreload]
                           [--nostatic] [--insecure] [--version]
                           [-v {0,1,2,3}] [--settings SETTINGS]
                           [--pythonpath PYTHONPATH] [--traceback]
                           [--no-color] [--force-color]
                           [addrport]
manage.py runserver: error: unrecognized arguments: $
Watching for file changes with StatReloader
[21/Mar/2021 07:57:08] "GET /customer/login/ HTTP/1.1" 200 3223
[21/Mar/2021 07:57:09] "GET /media/accura-plus-logo.jpg HTTP/1.1" 304 0
Not Found: /favicon.ico
[21/Mar/2021 07:57:09] "GET /favicon.ico HTTP/1.1" 404 2752
[21/Mar/2021 07:58:08] "POST /customer/login/ HTTP/1.1" 200 3356
[21/Mar/2021 07:58:27] "POST /customer/login/ HTTP/1.1" 302 0
[21/Mar/2021 07:58:28] "GET /customer/dashboard/ HTTP/1.1" 200 23046
[21/Mar/2021 07:58:28] "GET /static/admin/assets/plugins/datatables-bs4/css/dataTables.bootstrap4.min.css HTTP/1.1" 200 5243
[21/Mar/2021 07:58:28] "GET /static/admin/assets/plugins/overlayScrollbars/css/OverlayScrollbars.min.css HTTP/1.1" 200 20010
[21/Mar/2021 07:58:28] "GET /static/admin/assets/plugins/datatables-responsive/css/responsive.bootstrap4.min.css HTTP/1.1" 200 4518
[21/Mar/2021 07:58:28] "GET /static/admin/assets/plugins/datatables-buttons/css/buttons.bootstrap4.min.css HTTP/1.1" 200 3495
[21/Mar/2021 07:58:28] "GET /static/admin/assets/plugins/toastr/toastr.min.css HTTP/1.1" 200 6454
[21/Mar/2021 07:58:28] "GET /static/admin/assets/plugins/sweetalert2/sweetalert2.css HTTP/1.1" 200 30288
[21/Mar/2021 07:58:29] "GET /static/admin/assets/plugins/select2/css/select2.min.css HTTP/1.1" 200 14954
[21/Mar/2021 07:58:29] "GET /static/admin/assets/plugins/sweetalert2/sweetalert2.min.css HTTP/1.1" 200 24870
[21/Mar/2021 07:58:29] "GET /static/admin/assets/plugins/select2-bootstrap4-theme/select2-bootstrap4.min.css HTTP/1.1" 200 5158
[21/Mar/2021 07:58:29] "GET /static/admin/assets/plugins/summernote/summernote-bs4.min.css HTTP/1.1" 200 19403
[21/Mar/2021 07:58:29] "GET /static/admin/assets/plugins/daterangepicker/daterangepicker.css HTTP/1.1" 200 8069
[21/Mar/2021 07:58:29] "GET /static/admin/assets/plugins/tempusdominus-bootstrap-4/css/tempusdominus-bootstrap-4.min.css HTTP/1.1" 200 9071
[21/Mar/2021 07:58:29] "GET /static/admin/assets/plugins/bootstrap-colorpicker/css/bootstrap-colorpicker.min.css HTTP/1.1" 200 9495
[21/Mar/2021 07:58:29] "GET /static/admin/assets/plugins/bootstrap4-duallistbox/bootstrap-duallistbox.min.css HTTP/1.1" 200 1552
[21/Mar/2021 07:58:29] "GET /static/admin/assets/plugins/bs-stepper/css/bs-stepper.min.css HTTP/1.1" 200 3231
[21/Mar/2021 07:58:30] "GET /static/admin/assets/plugins/dropzone/min/dropzone.min.css HTTP/1.1" 200 9846
[21/Mar/2021 07:58:30] "GET /static/admin/assets/plugins/overlayScrollbars/js/jquery.overlayScrollbars.min.js HTTP/1.1" 200 42609
[21/Mar/2021 07:58:30] "GET /static/admin/assets/plugins/jquery-mousewheel/jquery.mousewheel.js HTTP/1.1" 200 8267
[21/Mar/2021 07:58:30] "GET /static/admin/assets/plugins/jquery-mapael/jquery.mapael.min.js HTTP/1.1" 200 35973
[21/Mar/2021 07:58:30] "GET /static/admin/assets/dist/js/adminlte.js HTTP/1.1" 200 77516
[21/Mar/2021 07:58:30] "GET /static/admin/assets/plugins/raphael/raphael.min.js HTTP/1.1" 200 93167
[21/Mar/2021 07:58:30] "GET /static/admin/assets/plugins/jquery-mapael/maps/usa_states.min.js HTTP/1.1" 200 60834
[21/Mar/2021 07:58:30] "GET /static/admin/assets/dist/js/demo.js HTTP/1.1" 200 13589
[21/Mar/2021 07:58:30] "GET /static/admin/assets/plugins/fontawesome-free/webfonts/fa-regular-400.woff2 HTTP/1.1" 200 13600
[21/Mar/2021 07:58:31] "GET /media/user.png HTTP/1.1" 200 8007
[21/Mar/2021 07:58:31] "GET /static/admin/assets/plugins/datatables/jquery.dataTables.min.js HTTP/1.1" 200 83597
[21/Mar/2021 07:58:31] "GET /static/admin/assets/plugins/datatables-bs4/js/dataTables.bootstrap4.min.js HTTP/1.1" 200 2098
[21/Mar/2021 07:58:32] "GET /static/admin/assets/plugins/datatables-responsive/js/responsive.bootstrap4.min.js HTTP/1.1" 200 1244
[21/Mar/2021 07:58:32] "GET /static/admin/assets/plugins/datatables-responsive/js/dataTables.responsive.min.js HTTP/1.1" 200 14006
[21/Mar/2021 07:58:32] "GET /static/admin/assets/plugins/datatables-buttons/js/dataTables.buttons.min.js HTTP/1.1" 200 20446
[21/Mar/2021 07:58:32] "GET /static/admin/assets/plugins/chart.js/Chart.min.js HTTP/1.1" 200 172812
[21/Mar/2021 07:58:32] "GET /static/admin/assets/plugins/datatables-buttons/js/buttons.bootstrap4.min.js HTTP/1.1" 200 1043
[21/Mar/2021 07:58:32] "GET /static/admin/assets/plugins/jszip/jszip.min.js HTTP/1.1" 200 95842
[21/Mar/2021 07:58:32] "GET /static/admin/assets/plugins/datatables-buttons/js/buttons.html5.min.js HTTP/1.1" 200 24799
[21/Mar/2021 07:58:32] "GET /static/admin/assets/plugins/datatables-buttons/js/buttons.print.min.js HTTP/1.1" 200 2212
[21/Mar/2021 07:58:33] "GET /static/admin/assets/plugins/datatables-buttons/js/buttons.colVis.min.js HTTP/1.1" 200 2838
[21/Mar/2021 07:58:33] "GET /static/admin/assets/plugins/toastr/toastr.min.js HTTP/1.1" 200 5251
[21/Mar/2021 07:58:33] "GET /static/admin/assets/plugins/sweetalert2/sweetalert2.min.js HTTP/1.1" 200 41937
[21/Mar/2021 07:58:33] "GET /static/admin/assets/plugins/sweetalert2/sweetalert2.all.js HTTP/1.1" 200 128156
[21/Mar/2021 07:58:33] "GET /static/custom/js/only-number-input.js HTTP/1.1" 200 822
[21/Mar/2021 07:58:33] "GET /static/admin/assets/plugins/sweetalert2/sweetalert2.js HTTP/1.1" 200 103032
[21/Mar/2021 07:58:34] "GET /static/admin/assets/plugins/select2/js/select2.full.min.js HTTP/1.1" 200 78607
[21/Mar/2021 07:58:35] "GET /static/admin/assets/plugins/bootstrap4-duallistbox/jquery.bootstrap-duallistbox.min.js HTTP/1.1" 200 16859
[21/Mar/2021 07:58:36] "GET /static/admin/assets/plugins/moment/moment.min.js HTTP/1.1" 200 58887
[21/Mar/2021 07:58:36] "GET /static/admin/assets/plugins/summernote/summernote-bs4.min.js HTTP/1.1" 200 151398
[21/Mar/2021 07:58:36] "GET /static/admin/assets/plugins/inputmask/jquery.inputmask.min.js HTTP/1.1" 200 141748
[21/Mar/2021 07:58:37] "GET /static/admin/assets/plugins/daterangepicker/daterangepicker.js HTTP/1.1" 200 67842
[21/Mar/2021 07:58:38] "GET /static/admin/assets/plugins/bootstrap-colorpicker/js/bootstrap-colorpicker.min.js HTTP/1.1" 200 97134
[21/Mar/2021 07:58:38] "GET /static/admin/assets/plugins/tempusdominus-bootstrap-4/js/tempusdominus-bootstrap-4.min.js HTTP/1.1" 200 56879
[21/Mar/2021 07:58:38] "GET /static/admin/assets/plugins/bootstrap-switch/js/bootstrap-switch.min.js HTTP/1.1" 200 14920
[21/Mar/2021 07:58:39] "GET /static/admin/assets/plugins/pdfmake/vfs_fonts.js HTTP/1.1" 200 926233
[21/Mar/2021 07:58:39] "GET /static/admin/assets/plugins/pdfmake/pdfmake.min.js HTTP/1.1" 200 1239891
[21/Mar/2021 07:58:41] "GET /static/admin/assets/plugins/bs-stepper/js/bs-stepper.min.js HTTP/1.1" 200 6226
[21/Mar/2021 07:58:42] "GET /static/admin/assets/plugins/dropzone/min/dropzone.min.js HTTP/1.1" 200 47487
[21/Mar/2021 07:59:19] "GET /api/docs/ HTTP/1.1" 200 2469
[21/Mar/2021 07:59:23] "GET /api/docs/?format=openapi HTTP/1.1" 200 13776
[21/Mar/2021 07:59:24] "GET /api/docs/?format=openapi HTTP/1.1" 200 13776
[21/Mar/2021 07:59:55] "GET /media/favicon.png HTTP/1.1" 200 1019
[21/Mar/2021 08:01:13] "POST /api/customer-register/ HTTP/1.1" 200 52
[21/Mar/2021 08:01:29] "POST /api/customer-register/ HTTP/1.1" 200 46
[21/Mar/2021 08:02:10] "POST /api/get-phone/ HTTP/1.1" 200 76
Exception in thread Thread-18:
Traceback (most recent call last):
  File "/usr/lib/python3.6/threading.py", line 916, in _bootstrap_inner
    self.run()
  File "/home/ubuntu/accura-test/libraries/thread_mail.py", line 18, in run
    msg.send()
  File "/home/ubuntu/accura-test/env/lib/python3.6/site-packages/django/core/mail/message.py", line 284, in send
    return self.get_connection(fail_silently).send_messages([self])
  File "/home/ubuntu/accura-test/env/lib/python3.6/site-packages/django/core/mail/backends/smtp.py", line 102, in send_messages
    new_conn_created = self.open()
  File "/home/ubuntu/accura-test/env/lib/python3.6/site-packages/django/core/mail/backends/smtp.py", line 69, in open
    self.connection.login(self.username, self.password)
  File "/usr/lib/python3.6/smtplib.py", line 730, in login
    raise last_exception
  File "/usr/lib/python3.6/smtplib.py", line 721, in login
    initial_response_ok=initial_response_ok)
  File "/usr/lib/python3.6/smtplib.py", line 642, in auth
    raise SMTPAuthenticationError(code, resp)
smtplib.SMTPAuthenticationError: (534, b'5.7.14 <https://accounts.google.com/signin/continue?sarp=1&scc=1&plt=AKgnsbt\n5.7.14 IHq3vcUGTlI6Z3KZgPXDM6jacjOHg1D2m-4Ipco8FabtHQlyDPNNDF7ET28WmpBj0Ku6b\n5.7.14 iIcIzkKATuevnzdG7kew5bKGdy3wVwsk0H0ZqLrUoiFw5RbLSmtSvpZOfr76JzSC>\n5.7.14 Please log in via your web browser and then try again.\n5.7.14  Learn more at\n5.7.14  https://support.google.com/mail/answer/78754 p3sm9263455pgi.24 - gsmtp')

[21/Mar/2021 08:03:42] "GET /api/docs/ HTTP/1.1" 200 2469
[21/Mar/2021 08:03:43] "GET /api/docs/?format=openapi HTTP/1.1" 200 13776
[21/Mar/2021 08:03:44] "GET /api/docs/?format=openapi HTTP/1.1" 200 13776
[21/Mar/2021 08:04:05] "GET /api/docs/ HTTP/1.1" 200 2233
[21/Mar/2021 08:04:05] "GET /static/drf-yasg/swagger-ui-dist/favicon-32x32.png HTTP/1.1" 200 628
[21/Mar/2021 08:08:28] "GET /api/docs/ HTTP/1.1" 200 2469
[21/Mar/2021 08:08:29] "GET /api/docs/?format=openapi HTTP/1.1" 200 13776
[21/Mar/2021 08:08:30] "GET /api/docs/?format=openapi HTTP/1.1" 200 13776
[21/Mar/2021 08:09:37] "GET /api/docs/ HTTP/1.1" 200 2469
[21/Mar/2021 08:09:38] "GET /static/drf-yasg/swagger-ui-dist/favicon-32x32.png HTTP/1.1" 200 628
[21/Mar/2021 08:09:38] "GET /api/docs/?format=openapi HTTP/1.1" 200 13776
[21/Mar/2021 08:09:39] "GET /api/docs/?format=openapi HTTP/1.1" 200 13776
[21/Mar/2021 08:20:03] "GET /customer/login/ HTTP/1.1" 200 3223
[21/Mar/2021 08:20:03] "GET /static/admin/assets/plugins/fontawesome-free/css/all.min.css HTTP/1.1" 304 0
[21/Mar/2021 08:20:04] "GET /static/admin/assets/plugins/icheck-bootstrap/icheck-bootstrap.min.css HTTP/1.1" 304 0
[21/Mar/2021 08:20:04] "GET /static/admin/assets/dist/css/adminlte.min.css HTTP/1.1" 304 0
[21/Mar/2021 08:20:04] "GET /static/custom/alertifyjs/alertify.min.js HTTP/1.1" 304 0
[21/Mar/2021 08:20:04] "GET /static/custom/alertifyjs/css/alertify.min.css HTTP/1.1" 304 0
[21/Mar/2021 08:20:04] "GET /static/custom/css/style.css HTTP/1.1" 304 0
[21/Mar/2021 08:20:04] "GET /static/admin/assets/plugins/jquery/jquery.min.js HTTP/1.1" 304 0
[21/Mar/2021 08:20:04] "GET /static/admin/assets/plugins/bootstrap/js/bootstrap.bundle.min.js HTTP/1.1" 304 0
[21/Mar/2021 08:20:04] "GET /static/admin/assets/dist/js/adminlte.min.js HTTP/1.1" 304 0
[21/Mar/2021 08:20:04] "GET /static/custom/js/custom.js HTTP/1.1" 304 0
[21/Mar/2021 08:20:04] "GET /static/admin/assets/plugins/fontawesome-free/webfonts/fa-solid-900.woff2 HTTP/1.1" 304 0
[21/Mar/2021 08:20:05] "GET /media/accura-plus-logo.jpg HTTP/1.1" 304 0
Not Found: /favicon.ico
[21/Mar/2021 08:20:05] "GET /favicon.ico HTTP/1.1" 404 2752
[21/Mar/2021 08:20:05] "GET /customer/login/ HTTP/1.1" 200 3223
Not Found: /favicon.ico
[21/Mar/2021 08:20:06] "GET /favicon.ico HTTP/1.1" 404 2752
[21/Mar/2021 08:20:07] "GET /customer/login/ HTTP/1.1" 200 3223
----------------------------------------
Exception happened during processing of request from ('162.142.125.56', 50238)
Traceback (most recent call last):
  File "/usr/lib/python3.6/socketserver.py", line 654, in process_request_thread
    self.finish_request(request, client_address)
  File "/usr/lib/python3.6/socketserver.py", line 364, in finish_request
    self.RequestHandlerClass(request, client_address, self)
  File "/usr/lib/python3.6/socketserver.py", line 724, in __init__
    self.handle()
  File "/home/ubuntu/accura-test/env/lib/python3.6/site-packages/django/core/servers/basehttp.py", line 172, in handle
    self.handle_one_request()
  File "/home/ubuntu/accura-test/env/lib/python3.6/site-packages/django/core/servers/basehttp.py", line 182, in handle_one_request
    self.raw_requestline = self.rfile.readline(65537)
  File "/usr/lib/python3.6/socket.py", line 586, in readinto
    return self._sock.recv_into(b)
ConnectionResetError: [Errno 104] Connection reset by peer
----------------------------------------
Not Found: /
[21/Mar/2021 09:22:42] "GET / HTTP/1.1" 404 2698
----------------------------------------
Exception happened during processing of request from ('162.142.125.56', 33188)
Traceback (most recent call last):
  File "/usr/lib/python3.6/socketserver.py", line 654, in process_request_thread
    self.finish_request(request, client_address)
  File "/usr/lib/python3.6/socketserver.py", line 364, in finish_request
    self.RequestHandlerClass(request, client_address, self)
  File "/usr/lib/python3.6/socketserver.py", line 724, in __init__
    self.handle()
  File "/home/ubuntu/accura-test/env/lib/python3.6/site-packages/django/core/servers/basehttp.py", line 174, in handle
    self.handle_one_request()
  File "/home/ubuntu/accura-test/env/lib/python3.6/site-packages/django/core/servers/basehttp.py", line 182, in handle_one_request
    self.raw_requestline = self.rfile.readline(65537)
  File "/usr/lib/python3.6/socket.py", line 586, in readinto
    return self._sock.recv_into(b)
ConnectionResetError: [Errno 104] Connection reset by peer
----------------------------------------
Not Found: /
[21/Mar/2021 09:22:43] "GET / HTTP/1.1" 404 2698
[21/Mar/2021 10:21:35] "GET /api/docs/ HTTP/1.1" 200 2469
[21/Mar/2021 10:21:35] "GET /static/drf-yasg/swagger-ui-dist/swagger-ui.css HTTP/1.1" 304 0
[21/Mar/2021 10:21:35] "GET /static/drf-yasg/style.css HTTP/1.1" 304 0
[21/Mar/2021 10:21:35] "GET /static/drf-yasg/swagger-ui-dist/swagger-ui-bundle.js HTTP/1.1" 304 0
[21/Mar/2021 10:21:35] "GET /static/drf-yasg/swagger-ui-dist/swagger-ui-standalone-preset.js HTTP/1.1" 304 0
[21/Mar/2021 10:21:35] "GET /static/drf-yasg/insQ.min.js HTTP/1.1" 304 0
[21/Mar/2021 10:21:35] "GET /static/drf-yasg/immutable.min.js HTTP/1.1" 304 0
[21/Mar/2021 10:21:36] "GET /static/drf-yasg/swagger-ui-init.js HTTP/1.1" 304 0
[21/Mar/2021 10:21:36] "GET /static/drf-yasg/url-polyfill.min.js HTTP/1.1" 304 0
[21/Mar/2021 10:21:36] "GET /api/docs/?format=openapi HTTP/1.1" 200 13776
[21/Mar/2021 10:21:36] "GET /static/drf-yasg/swagger-ui-dist/favicon-32x32.png HTTP/1.1" 200 628
[21/Mar/2021 10:21:38] "GET /api/docs/?format=openapi HTTP/1.1" 200 13776
[21/Mar/2021 10:50:24] "GET /customer/login/ HTTP/1.1" 200 3223
[21/Mar/2021 10:50:25] "GET /customer/login/ HTTP/1.1" 200 3223
[21/Mar/2021 10:50:25] "GET /static/admin/assets/plugins/icheck-bootstrap/icheck-bootstrap.min.css HTTP/1.1" 304 0
[21/Mar/2021 10:50:25] "GET /static/admin/assets/plugins/fontawesome-free/css/all.min.css HTTP/1.1" 304 0
[21/Mar/2021 10:50:26] "GET /static/custom/alertifyjs/css/alertify.min.css HTTP/1.1" 304 0
[21/Mar/2021 10:50:26] "GET /static/custom/alertifyjs/alertify.min.js HTTP/1.1" 304 0
[21/Mar/2021 10:50:26] "GET /static/custom/css/style.css HTTP/1.1" 304 0
[21/Mar/2021 10:50:26] "GET /static/admin/assets/plugins/jquery/jquery.min.js HTTP/1.1" 304 0
[21/Mar/2021 10:50:26] "GET /static/admin/assets/plugins/bootstrap/js/bootstrap.bundle.min.js HTTP/1.1" 304 0
[21/Mar/2021 10:50:26] "GET /static/admin/assets/dist/js/adminlte.min.js HTTP/1.1" 304 0
[21/Mar/2021 10:50:27] "GET /static/custom/js/custom.js HTTP/1.1" 304 0
[21/Mar/2021 10:50:27] "GET /static/admin/assets/dist/css/adminlte.min.css HTTP/1.1" 200 691419
[21/Mar/2021 10:50:29] "GET /static/admin/assets/plugins/fontawesome-free/webfonts/fa-solid-900.woff2 HTTP/1.1" 304 0
[21/Mar/2021 10:50:31] "GET /media/accura-plus-logo.jpg HTTP/1.1" 200 1015954
Not Found: /favicon.ico
[21/Mar/2021 10:50:32] "GET /favicon.ico HTTP/1.1" 404 2749
Not Found: /favicon.ico
[21/Mar/2021 11:07:30] "GET /favicon.ico HTTP/1.1" 404 2749
[21/Mar/2021 11:07:31] "GET /customer/login/ HTTP/1.1" 200 3223
[21/Mar/2021 11:55:46] "GET /customer/test-mail HTTP/1.1" 301 0
Internal Server Error: /customer/test-mail/
Traceback (most recent call last):
  File "/home/ubuntu/accura-test/env/lib/python3.6/site-packages/django/core/handlers/exception.py", line 47, in inner
    response = get_response(request)
  File "/home/ubuntu/accura-test/env/lib/python3.6/site-packages/django/core/handlers/base.py", line 188, in _get_response
    self.check_response(response, callback)
  File "/home/ubuntu/accura-test/env/lib/python3.6/site-packages/django/core/handlers/base.py", line 311, in check_response
    "instead." % name
ValueError: The view customer.views.test_mail didn't return an HttpResponse object. It returned None instead.
[21/Mar/2021 11:55:46] "GET /customer/test-mail/ HTTP/1.1" 500 61938
Not Found: /favicon.ico
[21/Mar/2021 11:55:47] "GET /favicon.ico HTTP/1.1" 404 2749
